{
  "stats": {
    "suites": 1,
    "tests": 1,
    "passes": 1,
    "pending": 0,
    "failures": 0,
    "start": "2022-09-08T10:10:31.643Z",
    "end": "2022-09-08T10:10:33.083Z",
    "duration": 1440,
    "testsRegistered": 1,
    "passPercent": 100,
    "pendingPercent": 0,
    "other": 0,
    "hasOther": false,
    "skipped": 0,
    "hasSkipped": false
  },
  "results": [
    {
      "uuid": "bcc277d4-0330-42b5-a49a-ebf77a02f9e5",
      "title": "",
      "fullFile": "cypress\\e2e\\API\\api_example_bdd.feature",
      "file": "cypress\\e2e\\API\\api_example_bdd.feature",
      "beforeHooks": [],
      "afterHooks": [],
      "tests": [],
      "suites": [
        {
          "uuid": "30c14fff-9b56-4cfc-942a-e118c15ab34a",
          "title": "CRUD",
          "fullFile": "",
          "file": "",
          "beforeHooks": [],
          "afterHooks": [],
          "tests": [
            {
              "title": "API CRUD operations",
              "fullTitle": "CRUD API CRUD operations",
              "timedOut": null,
              "duration": 1403,
              "state": "passed",
              "speed": "fast",
              "pass": true,
              "fail": false,
              "pending": false,
              "context": null,
              "code": "const state = window.testState;\nreturn cy\n  .then(() => state.onStartScenario(scenario, indexedSteps))\n  .then(() =>\n    resolveAndRunBeforeHooks.call(this, scenario.tags, state.feature.name)\n  )\n  .then(() =>\n    indexedSteps.forEach((step) =>\n      stepTest.call(this, state, step, rowData)\n    )\n  )\n  .then(() => state.onFinishScenario(scenario));",
              "err": {},
              "uuid": "54c1836a-a460-4854-9f3e-744a412794ab",
              "parentUUID": "30c14fff-9b56-4cfc-942a-e118c15ab34a",
              "isHook": false,
              "skipped": false
            }
          ],
          "suites": [],
          "passes": [
            "54c1836a-a460-4854-9f3e-744a412794ab"
          ],
          "failures": [],
          "pending": [],
          "skipped": [],
          "duration": 1403,
          "root": false,
          "rootEmpty": false,
          "_timeout": 2000
        }
      ],
      "passes": [],
      "failures": [],
      "pending": [],
      "skipped": [],
      "duration": 0,
      "root": true,
      "rootEmpty": true,
      "_timeout": 2000
    }
  ],
  "meta": {
    "mocha": {
      "version": "7.0.1"
    },
    "mochawesome": {
      "options": {
        "quiet": false,
        "reportFilename": "mochawesome",
        "saveHtml": false,
        "saveJson": true,
        "consoleReporter": "spec",
        "useInlineDiffs": false,
        "code": true
      },
      "version": "7.1.3"
    },
    "marge": {
      "options": {
        "charts": true,
        "reportPageTitle": "test report",
        "embeddedScreenshots": true,
        "inlineAssets": true,
        "saveAllAttempts": false,
        "html": false,
        "json": true,
        "overwrite": false,
        "reportDir": "cypress\\reports\\html\\.jsons"
      },
      "version": "6.2.0"
    }
  }
}